<?xml version="1.0" encoding="UTF-8"?>
<!-- Generated by org.testng.reporters.JUnitXMLReporter -->
<testsuite ignored="0" hostname="LAPTOP-QVL7POJP" failures="1" tests="1" name="Test1" time="0.006" errors="0" timestamp="2023-07-19T12:13:58 IST">
  <testcase classname="dreamlivetestcase.banner_management" name="banner_test" time="0.004">
    <failure type="java.lang.NullPointerException" message="Cannot invoke &amp;quot;org.openqa.selenium.WebElement.click()&amp;quot; because &amp;quot;pageobjects.side_menu_handle_object.dashboardmenu&amp;quot; is null">
      <![CDATA[java.lang.NullPointerException: Cannot invoke "org.openqa.selenium.WebElement.click()" because "pageobjects.side_menu_handle_object.dashboardmenu" is null
at dreamlivetestcase.banner_management.banner_test(banner_management.java:25)
at java.base/java.util.ArrayList.forEach(ArrayList.java:1511)
... Removed 25 stack frames]]>
    </failure>
  </testcase> <!-- banner_test -->
</testsuite> <!-- Test1 -->
